-------------------------------------------------------------------------------
Test set: com.cloudcomputing.samza.nycabs.TestDriverMatchTask
-------------------------------------------------------------------------------
Tests run: 1, Failures: 0, Errors: 1, Skipped: 0, Time elapsed: 3.167 sec <<< FAILURE!
testDriverMatchTask(com.cloudcomputing.samza.nycabs.TestDriverMatchTask)  Time elapsed: 3.098 sec  <<< ERROR!
org.apache.samza.SamzaException: Application could not finish successfully
	at org.apache.samza.test.framework.TestRunner.run(TestRunner.java:294)
	at com.cloudcomputing.samza.nycabs.TestDriverMatchTask.testDriverMatchTask(TestDriverMatchTask.java:42)
	at sun.reflect.NativeMethodAccessorImpl.invoke0(Native Method)
	at sun.reflect.NativeMethodAccessorImpl.invoke(NativeMethodAccessorImpl.java:62)
	at sun.reflect.DelegatingMethodAccessorImpl.invoke(DelegatingMethodAccessorImpl.java:43)
	at java.lang.reflect.Method.invoke(Method.java:498)
	at org.junit.runners.model.FrameworkMethod$1.runReflectiveCall(FrameworkMethod.java:50)
	at org.junit.internal.runners.model.ReflectiveCallable.run(ReflectiveCallable.java:12)
	at org.junit.runners.model.FrameworkMethod.invokeExplosively(FrameworkMethod.java:47)
	at org.junit.internal.runners.statements.InvokeMethod.evaluate(InvokeMethod.java:17)
	at org.junit.runners.ParentRunner.runLeaf(ParentRunner.java:325)
	at org.junit.runners.BlockJUnit4ClassRunner.runChild(BlockJUnit4ClassRunner.java:78)
	at org.junit.runners.BlockJUnit4ClassRunner.runChild(BlockJUnit4ClassRunner.java:57)
	at org.junit.runners.ParentRunner$3.run(ParentRunner.java:290)
	at org.junit.runners.ParentRunner$1.schedule(ParentRunner.java:71)
	at org.junit.runners.ParentRunner.runChildren(ParentRunner.java:288)
	at org.junit.runners.ParentRunner.access$000(ParentRunner.java:58)
	at org.junit.runners.ParentRunner$2.evaluate(ParentRunner.java:268)
	at org.junit.runners.ParentRunner.run(ParentRunner.java:363)
	at org.apache.maven.surefire.junit4.JUnit4Provider.execute(JUnit4Provider.java:252)
	at org.apache.maven.surefire.junit4.JUnit4Provider.executeTestSet(JUnit4Provider.java:141)
	at org.apache.maven.surefire.junit4.JUnit4Provider.invoke(JUnit4Provider.java:112)
	at sun.reflect.NativeMethodAccessorImpl.invoke0(Native Method)
	at sun.reflect.NativeMethodAccessorImpl.invoke(NativeMethodAccessorImpl.java:62)
	at sun.reflect.DelegatingMethodAccessorImpl.invoke(DelegatingMethodAccessorImpl.java:43)
	at java.lang.reflect.Method.invoke(Method.java:498)
	at org.apache.maven.surefire.util.ReflectionUtils.invokeMethodWithArray(ReflectionUtils.java:189)
	at org.apache.maven.surefire.booter.ProviderFactory$ProviderProxy.invoke(ProviderFactory.java:165)
	at org.apache.maven.surefire.booter.ProviderFactory.invokeProvider(ProviderFactory.java:85)
	at org.apache.maven.surefire.booter.ForkedBooter.runSuitesInProcess(ForkedBooter.java:115)
	at org.apache.maven.surefire.booter.ForkedBooter.main(ForkedBooter.java:75)
Caused by: org.apache.samza.SamzaException: org.apache.samza.SamzaException: Callback failed for task Partition 0, ssp SystemStreamPartition [kafka, events, 0], offset 2.
	at org.apache.samza.task.RunLoop.run(RunLoop.java:150)
	at org.apache.samza.container.SamzaContainer.run(SamzaContainer.scala:749)
	at java.util.concurrent.Executors$RunnableAdapter.call(Executors.java:511)
	at java.util.concurrent.FutureTask.run(FutureTask.java:266)
	at java.util.concurrent.ThreadPoolExecutor.runWorker(ThreadPoolExecutor.java:1149)
	at java.util.concurrent.ThreadPoolExecutor$Worker.run(ThreadPoolExecutor.java:624)
	at java.lang.Thread.run(Thread.java:750)
Caused by: org.apache.samza.SamzaException: Callback failed for task Partition 0, ssp SystemStreamPartition [kafka, events, 0], offset 2.
	at org.apache.samza.task.TaskCallbackImpl.failure(TaskCallbackImpl.java:89)
	at org.apache.samza.task.AsyncStreamTaskAdapter.process(AsyncStreamTaskAdapter.java:75)
	at org.apache.samza.task.AsyncStreamTaskAdapter.processAsync(AsyncStreamTaskAdapter.java:63)
	at org.apache.samza.container.TaskInstance$$anonfun$process$1.apply$mcV$sp(TaskInstance.scala:201)
	at org.apache.samza.container.TaskInstanceExceptionHandler.maybeHandle(TaskInstanceExceptionHandler.scala:54)
	at org.apache.samza.container.TaskInstance.process(TaskInstance.scala:199)
	at org.apache.samza.task.RunLoop$AsyncTaskWorker.process(RunLoop.java:470)
	at org.apache.samza.task.RunLoop$AsyncTaskWorker.run(RunLoop.java:412)
	at org.apache.samza.task.RunLoop$AsyncTaskWorker.access$300(RunLoop.java:346)
	at org.apache.samza.task.RunLoop.runTasks(RunLoop.java:233)
	at org.apache.samza.task.RunLoop.run(RunLoop.java:165)
	... 6 more
Caused by: java.lang.NullPointerException
	at com.cloudcomputing.samza.nycabs.DriverMatchTask.handleRideRequest(DriverMatchTask.java:186)
	at com.cloudcomputing.samza.nycabs.DriverMatchTask.streamEvent(DriverMatchTask.java:133)
	at com.cloudcomputing.samza.nycabs.DriverMatchTask.process(DriverMatchTask.java:76)
	at org.apache.samza.task.AsyncStreamTaskAdapter.process(AsyncStreamTaskAdapter.java:72)
	... 15 more

